app/build/outputs/logs/manifest-merger-release-report.txt
-- Merging decision tree log ---
manifest
ADDED from AndroidManifest.xml:2:1
	xmlns:android
		ADDED from AndroidManifest.xml:2:11
	package
		ADDED from AndroidManifest.xml:3:2
		INJECTED from AndroidManifest.xml:0:0
		INJECTED from AndroidManifest.xml:0:0
	android:versionName
		ADDED from AndroidManifest.xml:4:2
	android:versionCode
		ADDED from AndroidManifest.xml:3:34
		INJECTED from AndroidManifest.xml:0:0
		INJECTED from AndroidManifest.xml:0:0
application
ADDED from AndroidManifest.xml:5:2
	android:label
		ADDED from AndroidManifest.xml:5:45
	android:icon
		ADDED from AndroidManifest.xml:5:15
activity#org.androidpn.demoapp.DemoAppActivity
ADDED from AndroidManifest.xml:6:3
	android:label
		ADDED from AndroidManifest.xml:6:45
	android:name
		ADDED from AndroidManifest.xml:6:13
intent-filter#android.intent.action.MAIN+android.intent.category.LAUNCHER
ADDED from AndroidManifest.xml:7:4
action#android.intent.action.MAIN
ADDED from AndroidManifest.xml:8:5
	android:name
		ADDED from AndroidManifest.xml:8:13
category#android.intent.category.LAUNCHER
ADDED from AndroidManifest.xml:9:5
	android:name
		ADDED from AndroidManifest.xml:9:15
activity#org.androidpn.client.NotificationDetailsActivity
ADDED from AndroidManifest.xml:12:3
	android:label
		ADDED from AndroidManifest.xml:13:4
	android:name
		ADDED from AndroidManifest.xml:12:13
activity#org.androidpn.client.NotificationSettingsActivity
ADDED from AndroidManifest.xml:15:3
	android:label
		ADDED from AndroidManifest.xml:16:4
	android:name
		ADDED from AndroidManifest.xml:15:13
service#org.androidpn.client.NotificationService
ADDED from AndroidManifest.xml:18:3
	android:label
		ADDED from AndroidManifest.xml:20:4
	android:enabled
		ADDED from AndroidManifest.xml:18:12
	android:name
		ADDED from AndroidManifest.xml:19:4
intent-filter#org.androidpn.client.NotificationService
ADDED from AndroidManifest.xml:21:4
action#org.androidpn.client.NotificationService
ADDED from AndroidManifest.xml:22:5
	android:name
		ADDED from AndroidManifest.xml:22:13
uses-sdk
ADDED from AndroidManifest.xml:30:2
	android:targetSdkVersion
		INJECTED from AndroidManifest.xml:0:0
		INJECTED from AndroidManifest.xml:0:0
	android:minSdkVersion
		ADDED from AndroidManifest.xml:30:12
		INJECTED from AndroidManifest.xml:0:0
		INJECTED from AndroidManifest.xml:0:0
uses-permission#android.permission.READ_PHONE_STATE
ADDED from AndroidManifest.xml:31:2
	android:name
		ADDED from AndroidManifest.xml:31:19
uses-permission#android.permission.ACCESS_NETWORK_STATE
ADDED from AndroidManifest.xml:32:2
	android:name
		ADDED from AndroidManifest.xml:32:19
uses-permission#android.permission.INTERNET
ADDED from AndroidManifest.xml:33:2
	android:name
		ADDED from AndroidManifest.xml:33:19
uses-permission#android.permission.ACCESS_WIFI_STATE
ADDED from AndroidManifest.xml:34:2
	android:name
		ADDED from AndroidManifest.xml:34:19
uses-permission#android.permission.CHANGE_WIFI_STATE
ADDED from AndroidManifest.xml:35:2
	android:name
		ADDED from AndroidManifest.xml:35:19
uses-permission#android.permission.VIBRATE
ADDED from AndroidManifest.xml:36:2
	android:name
		ADDED from AndroidManifest.xml:36:19